<?xml version="1.0" encoding="UTF-8"?>
<testng-results ignored="0" total="1" passed="1" failed="0" skipped="0">
  <reporter-output>
  </reporter-output>
  <suite started-at="2025-01-31T00:01:14 IST" name="Default suite" finished-at="2025-01-31T00:01:15 IST" duration-ms="465">
    <groups>
    </groups>
    <test started-at="2025-01-31T00:01:14 IST" name="Default test" finished-at="2025-01-31T00:01:15 IST" duration-ms="465">
      <class name="extentReport.ToLearnExtendReport">
        <test-method signature="createReport()[pri:0, instance:extentReport.ToLearnExtendReport@399f45b1]" started-at="2025-01-31T00:01:14 IST" name="createReport" finished-at="2025-01-31T00:01:15 IST" duration-ms="428" status="PASS">
          <reporter-output>
          </reporter-output>
        </test-method> <!-- createReport -->
      </class> <!-- extentReport.ToLearnExtendReport -->
    </test> <!-- Default test -->
  </suite> <!-- Default suite -->
</testng-results>
